[2020-04-09 10:14:12,726] multiqc                                            [DEBUG  ]  No MultiQC config found: /usr/local/lib/python3.7/site-packages/multiqc-1.8.dev0-py3.7.egg/multiqc_config.yaml
[2020-04-09 10:14:12,727] multiqc                                            [DEBUG  ]  Loading config settings from: /Users/weisburd/.multiqc_config.yaml
[2020-04-09 10:14:12,727] multiqc                                            [DEBUG  ]  Added to filename patterns: {'rna_seqc/metrics': {'fn': '*.metrics.tsv'}}
[2020-04-09 10:14:12,727] multiqc                                            [DEBUG  ]  No MultiQC config found: multiqc_config.yaml
[2020-04-09 10:14:12,727] multiqc                                            [DEBUG  ]  Command used: /usr/local/lib/python3.7/site-packages/multiqc-1.8.dev0-py3.7.egg/multiqc/__main__.py -f -m star -m fastqc -m rna_seqc --filename batch_1_muntoni.html .
[2020-04-09 10:14:13,299] multiqc                                            [DEBUG  ]  Latest MultiQC version is v1.8
[2020-04-09 10:14:13,300] multiqc                                            [INFO   ]  This is MultiQC v1.8.dev0
[2020-04-09 10:14:13,300] multiqc                                            [DEBUG  ]  Command     : /usr/local/lib/python3.7/site-packages/multiqc-1.8.dev0-py3.7.egg/multiqc/__main__.py -f -m star -m fastqc -m rna_seqc --filename batch_1_muntoni.html .
[2020-04-09 10:14:13,300] multiqc                                            [DEBUG  ]  Working dir : /Users/weisburd/project__rnaseq/code/rnaseq_methods/multiqc/data/batch_1_muntoni
[2020-04-09 10:14:13,300] multiqc                                            [INFO   ]  Template    : default
[2020-04-09 10:14:13,300] multiqc                                            [DEBUG  ]  Running Python 3.7.6 (default, Dec 30 2019, 19:38:28)  [Clang 11.0.0 (clang-1100.0.33.16)]
[2020-04-09 10:14:13,300] multiqc                                            [INFO   ]  Searching   : /Users/weisburd/project__rnaseq/code/rnaseq_methods/multiqc/data/batch_1_muntoni
[2020-04-09 10:14:13,301] multiqc                                            [INFO   ]  Only using modules star, fastqc, rna_seqc
[2020-04-09 10:14:13,301] multiqc                                            [DEBUG  ]  Analysing modules: rna_seqc, star, fastqc
[2020-04-09 10:14:13,301] multiqc                                            [DEBUG  ]  Using temporary directory for creating report: /var/folders/4k/jh2hjdp10jj7g6346ydf96v8k_60_2/T/tmppjxyneju
[2020-04-09 10:14:13,423] multiqc                                            [DEBUG  ]  Ignored 198 search patterns as didn't match running modules.
[2020-04-09 10:14:13,434] multiqc                                            [DEBUG  ]  Ignoring file as matched an ignore pattern: batch_1_muntoni.html
[2020-04-09 10:14:13,452] multiqc                                            [DEBUG  ]  Ignoring file as matched an ignore pattern: fastqc_report.html
[2020-04-09 10:14:13,454] multiqc                                            [DEBUG  ]  Ignoring file as matched an ignore pattern: fastqc_report.html
[2020-04-09 10:14:13,456] multiqc                                            [DEBUG  ]  Ignoring file as matched an ignore pattern: fastqc_report.html
[2020-04-09 10:14:13,458] multiqc                                            [DEBUG  ]  Ignoring file as matched an ignore pattern: fastqc_report.html
[2020-04-09 10:14:13,460] multiqc                                            [DEBUG  ]  Ignoring file as matched an ignore pattern: fastqc_report.html
[2020-04-09 10:14:13,462] multiqc                                            [DEBUG  ]  Ignoring file as matched an ignore pattern: fastqc_report.html
[2020-04-09 10:14:13,464] multiqc                                            [DEBUG  ]  Ignoring file as matched an ignore pattern: fastqc_report.html
[2020-04-09 10:14:13,468] multiqc                                            [DEBUG  ]  Ignoring file as matched an ignore pattern: fastqc_report.html
[2020-04-09 10:14:13,471] multiqc                                            [DEBUG  ]  Ignoring file as matched an ignore pattern: fastqc_report.html
[2020-04-09 10:14:13,474] multiqc                                            [DEBUG  ]  Ignoring file as matched an ignore pattern: fastqc_report.html
[2020-04-09 10:14:13,478] multiqc                                            [DEBUG  ]  Ignoring file as matched an ignore pattern: fastqc_report.html
[2020-04-09 10:14:13,481] multiqc                                            [DEBUG  ]  Ignoring file as matched an ignore pattern: fastqc_report.html
[2020-04-09 10:14:13,483] multiqc                                            [DEBUG  ]  Ignoring file as matched an ignore pattern: fastqc_report.html
[2020-04-09 10:14:13,485] multiqc                                            [DEBUG  ]  Ignoring file as matched an ignore pattern: fastqc_report.html
[2020-04-09 10:14:13,488] multiqc                                            [DEBUG  ]  Ignoring file as matched an ignore pattern: fastqc_report.html
[2020-04-09 10:14:13,490] multiqc                                            [DEBUG  ]  Ignoring file as matched an ignore pattern: fastqc_report.html
[2020-04-09 10:14:13,492] multiqc                                            [DEBUG  ]  Ignoring file as matched an ignore pattern: fastqc_report.html
[2020-04-09 10:14:13,494] multiqc                                            [DEBUG  ]  Ignoring file as matched an ignore pattern: fastqc_report.html
[2020-04-09 10:14:13,792] multiqc.modules.rna_seqc.rna_seqc                  [INFO   ]  Found 18 samples
[2020-04-09 10:14:13,944] multiqc.modules.star.star                          [DEBUG  ]  Duplicate ReadsPerGene sample name found! Overwriting: MUN_FAM1_CTRL_02_R1
[2020-04-09 10:14:14,048] multiqc.modules.star.star                          [DEBUG  ]  Duplicate ReadsPerGene sample name found! Overwriting: MUN_FAM2_TOTALMDC1A1_03_R1
[2020-04-09 10:14:14,163] multiqc.modules.star.star                          [DEBUG  ]  Duplicate ReadsPerGene sample name found! Overwriting: MUN_FAM4_ATYPICALMDC1A_01_R3
[2020-04-09 10:14:14,297] multiqc.modules.star.star                          [DEBUG  ]  Duplicate ReadsPerGene sample name found! Overwriting: MUN_FAM5_SIBLINGMDC1A_01_R1
[2020-04-09 10:14:14,411] multiqc.modules.star.star                          [DEBUG  ]  Duplicate ReadsPerGene sample name found! Overwriting: MUN_FAM2_TOTALMDC1A1_04_R1
[2020-04-09 10:14:14,507] multiqc.modules.star.star                          [DEBUG  ]  Duplicate ReadsPerGene sample name found! Overwriting: MUN_FAM3_PARTIALMDC1A1_03_R1
[2020-04-09 10:14:14,610] multiqc.modules.star.star                          [DEBUG  ]  Duplicate ReadsPerGene sample name found! Overwriting: MUN_FAM1_CTRL_01_R1
[2020-04-09 10:14:14,711] multiqc.modules.star.star                          [DEBUG  ]  Duplicate ReadsPerGene sample name found! Overwriting: MUN_FAM4_ATYPICALMDC1A_01_R2
[2020-04-09 10:14:14,806] multiqc.modules.star.star                          [DEBUG  ]  Duplicate ReadsPerGene sample name found! Overwriting: MUN_FAM4_ATYPICALMDC1A_01_R1
[2020-04-09 10:14:14,904] multiqc.modules.star.star                          [DEBUG  ]  Duplicate ReadsPerGene sample name found! Overwriting: MUN_FAM3_PARTIALMDC1A1_05_R1
[2020-04-09 10:14:15,004] multiqc.modules.star.star                          [DEBUG  ]  Duplicate ReadsPerGene sample name found! Overwriting: MUN_FAM3_PARTIALMDC1A1_01_R1
[2020-04-09 10:14:15,099] multiqc.modules.star.star                          [DEBUG  ]  Duplicate ReadsPerGene sample name found! Overwriting: MUN_FAM2_TOTALMDC1A1_02_R1
[2020-04-09 10:14:15,208] multiqc.modules.star.star                          [DEBUG  ]  Duplicate ReadsPerGene sample name found! Overwriting: MUN_FAM5_SIBLINGMDC1A_01_R2
[2020-04-09 10:14:15,304] multiqc.modules.star.star                          [DEBUG  ]  Duplicate ReadsPerGene sample name found! Overwriting: MUN_FAM1_CTRL_03_R1
[2020-04-09 10:14:15,409] multiqc.modules.star.star                          [DEBUG  ]  Duplicate ReadsPerGene sample name found! Overwriting: MUN_FAM3_PARTIALMDC1A1_02_R1
[2020-04-09 10:14:15,503] multiqc.modules.star.star                          [DEBUG  ]  Duplicate ReadsPerGene sample name found! Overwriting: MUN_FAM1_CTRL_04_R1
[2020-04-09 10:14:15,639] multiqc.modules.star.star                          [DEBUG  ]  Duplicate ReadsPerGene sample name found! Overwriting: MUN_FAM5_SIBLINGMDC1A_01_R3
[2020-04-09 10:14:15,740] multiqc.modules.star.star                          [DEBUG  ]  Duplicate ReadsPerGene sample name found! Overwriting: MUN_FAM2_TOTALMDC1A1_05_R1
[2020-04-09 10:14:15,740] multiqc.modules.star.star                          [INFO   ]  Found 18 reports and 18 gene count files
[2020-04-09 10:14:19,864] multiqc.modules.fastqc.fastqc                      [DEBUG  ]  Skipping 'MUN_FAM2_TOTALMDC1A1_03_R1_fastqc.zip' as already parsed 'MUN_FAM2_TOTALMDC1A1_03_R1'
[2020-04-09 10:14:19,865] multiqc.modules.fastqc.fastqc                      [DEBUG  ]  Skipping 'MUN_FAM3_PARTIALMDC1A1_03_R1_fastqc.zip' as already parsed 'MUN_FAM3_PARTIALMDC1A1_03_R1'
[2020-04-09 10:14:19,865] multiqc.modules.fastqc.fastqc                      [DEBUG  ]  Skipping 'MUN_FAM4_ATYPICALMDC1A_01_R1_fastqc.zip' as already parsed 'MUN_FAM4_ATYPICALMDC1A_01_R1'
[2020-04-09 10:14:19,865] multiqc.modules.fastqc.fastqc                      [DEBUG  ]  Skipping 'MUN_FAM5_SIBLINGMDC1A_01_R2_fastqc.zip' as already parsed 'MUN_FAM5_SIBLINGMDC1A_01_R2'
[2020-04-09 10:14:19,865] multiqc.modules.fastqc.fastqc                      [DEBUG  ]  Skipping 'MUN_FAM2_TOTALMDC1A1_04_R1_fastqc.zip' as already parsed 'MUN_FAM2_TOTALMDC1A1_04_R1'
[2020-04-09 10:14:19,865] multiqc.modules.fastqc.fastqc                      [DEBUG  ]  Skipping 'MUN_FAM1_CTRL_02_R1_fastqc.zip' as already parsed 'MUN_FAM1_CTRL_02_R1'
[2020-04-09 10:14:19,865] multiqc.modules.fastqc.fastqc                      [DEBUG  ]  Skipping 'MUN_FAM4_ATYPICALMDC1A_01_R3_fastqc.zip' as already parsed 'MUN_FAM4_ATYPICALMDC1A_01_R3'
[2020-04-09 10:14:19,865] multiqc.modules.fastqc.fastqc                      [DEBUG  ]  Skipping 'MUN_FAM1_CTRL_01_R1_fastqc.zip' as already parsed 'MUN_FAM1_CTRL_01_R1'
[2020-04-09 10:14:19,866] multiqc.modules.fastqc.fastqc                      [DEBUG  ]  Skipping 'MUN_FAM1_CTRL_04_R1_fastqc.zip' as already parsed 'MUN_FAM1_CTRL_04_R1'
[2020-04-09 10:14:19,866] multiqc.modules.fastqc.fastqc                      [DEBUG  ]  Skipping 'MUN_FAM5_SIBLINGMDC1A_01_R3_fastqc.zip' as already parsed 'MUN_FAM5_SIBLINGMDC1A_01_R3'
[2020-04-09 10:14:19,866] multiqc.modules.fastqc.fastqc                      [DEBUG  ]  Skipping 'MUN_FAM1_CTRL_03_R1_fastqc.zip' as already parsed 'MUN_FAM1_CTRL_03_R1'
[2020-04-09 10:14:19,866] multiqc.modules.fastqc.fastqc                      [DEBUG  ]  Skipping 'MUN_FAM4_ATYPICALMDC1A_01_R2_fastqc.zip' as already parsed 'MUN_FAM4_ATYPICALMDC1A_01_R2'
[2020-04-09 10:14:19,866] multiqc.modules.fastqc.fastqc                      [DEBUG  ]  Skipping 'MUN_FAM3_PARTIALMDC1A1_02_R1_fastqc.zip' as already parsed 'MUN_FAM3_PARTIALMDC1A1_02_R1'
[2020-04-09 10:14:19,866] multiqc.modules.fastqc.fastqc                      [DEBUG  ]  Skipping 'MUN_FAM2_TOTALMDC1A1_05_R1_fastqc.zip' as already parsed 'MUN_FAM2_TOTALMDC1A1_05_R1'
[2020-04-09 10:14:19,867] multiqc.modules.fastqc.fastqc                      [DEBUG  ]  Skipping 'MUN_FAM5_SIBLINGMDC1A_01_R1_fastqc.zip' as already parsed 'MUN_FAM5_SIBLINGMDC1A_01_R1'
[2020-04-09 10:14:19,867] multiqc.modules.fastqc.fastqc                      [DEBUG  ]  Skipping 'MUN_FAM2_TOTALMDC1A1_02_R1_fastqc.zip' as already parsed 'MUN_FAM2_TOTALMDC1A1_02_R1'
[2020-04-09 10:14:19,867] multiqc.modules.fastqc.fastqc                      [DEBUG  ]  Skipping 'MUN_FAM3_PARTIALMDC1A1_05_R1_fastqc.zip' as already parsed 'MUN_FAM3_PARTIALMDC1A1_05_R1'
[2020-04-09 10:14:19,867] multiqc.modules.fastqc.fastqc                      [DEBUG  ]  Skipping 'MUN_FAM3_PARTIALMDC1A1_01_R1_fastqc.zip' as already parsed 'MUN_FAM3_PARTIALMDC1A1_01_R1'
[2020-04-09 10:14:19,867] multiqc.modules.fastqc.fastqc                      [INFO   ]  Found 18 reports
[2020-04-09 10:14:20,215] multiqc                                            [INFO   ]  Compressing plot data
[2020-04-09 10:14:20,725] multiqc                                            [WARNING]  Deleting    : batch_1_muntoni.html   (-f was specified)
[2020-04-09 10:14:20,727] multiqc                                            [WARNING]  Deleting    : batch_1_muntoni_data   (-f was specified)
[2020-04-09 10:14:20,729] multiqc                                            [INFO   ]  Report      : batch_1_muntoni.html
[2020-04-09 10:14:20,729] multiqc                                            [INFO   ]  Data        : batch_1_muntoni_data
[2020-04-09 10:14:20,730] multiqc                                            [DEBUG  ]  Moving data file from '/var/folders/4k/jh2hjdp10jj7g6346ydf96v8k_60_2/T/tmppjxyneju/multiqc_data/multiqc_fastqc.txt' to '/Users/weisburd/project__rnaseq/code/rnaseq_methods/multiqc/data/batch_1_muntoni/batch_1_muntoni_data'
[2020-04-09 10:14:20,730] multiqc                                            [DEBUG  ]  Moving data file from '/var/folders/4k/jh2hjdp10jj7g6346ydf96v8k_60_2/T/tmppjxyneju/multiqc_data/multiqc_rna_seqc.txt' to '/Users/weisburd/project__rnaseq/code/rnaseq_methods/multiqc/data/batch_1_muntoni/batch_1_muntoni_data'
[2020-04-09 10:14:20,731] multiqc                                            [DEBUG  ]  Moving data file from '/var/folders/4k/jh2hjdp10jj7g6346ydf96v8k_60_2/T/tmppjxyneju/multiqc_data/multiqc_star.txt' to '/Users/weisburd/project__rnaseq/code/rnaseq_methods/multiqc/data/batch_1_muntoni/batch_1_muntoni_data'
[2020-04-09 10:14:20,731] multiqc                                            [DEBUG  ]  Moving data file from '/var/folders/4k/jh2hjdp10jj7g6346ydf96v8k_60_2/T/tmppjxyneju/multiqc_data/multiqc_general_stats.txt' to '/Users/weisburd/project__rnaseq/code/rnaseq_methods/multiqc/data/batch_1_muntoni/batch_1_muntoni_data'
[2020-04-09 10:14:20,731] multiqc                                            [DEBUG  ]  Moving data file from '/var/folders/4k/jh2hjdp10jj7g6346ydf96v8k_60_2/T/tmppjxyneju/multiqc_data/multiqc_sources.txt' to '/Users/weisburd/project__rnaseq/code/rnaseq_methods/multiqc/data/batch_1_muntoni/batch_1_muntoni_data'
[2020-04-09 10:14:20,731] multiqc                                            [DEBUG  ]  Moving data file from '/var/folders/4k/jh2hjdp10jj7g6346ydf96v8k_60_2/T/tmppjxyneju/multiqc_data/multiqc_data.json' to '/Users/weisburd/project__rnaseq/code/rnaseq_methods/multiqc/data/batch_1_muntoni/batch_1_muntoni_data'
[2020-04-09 10:14:20,918] multiqc                                            [INFO   ]  MultiQC complete
