[2020-01-21 23:17:08,516] multiqc                                            [DEBUG  ]  No MultiQC config found: /usr/local/lib/python3.7/site-packages/multiqc_config.yaml
[2020-01-21 23:17:08,516] multiqc                                            [DEBUG  ]  No MultiQC config found: /Users/weisburd/.multiqc_config.yaml
[2020-01-21 23:17:08,516] multiqc                                            [DEBUG  ]  No MultiQC config found: multiqc_config.yaml
[2020-01-21 23:17:08,516] multiqc                                            [DEBUG  ]  Command used: /usr/local/Cellar/python/3.7.5/Frameworks/Python.framework/Versions/3.7/bin/multiqc --filename index.html -f -m star -m fastqc .
[2020-01-21 23:17:09,303] multiqc                                            [DEBUG  ]  Latest MultiQC version is v1.8
[2020-01-21 23:17:09,303] multiqc                                            [INFO   ]  This is MultiQC v1.8
[2020-01-21 23:17:09,303] multiqc                                            [DEBUG  ]  Command     : /usr/local/Cellar/python/3.7.5/Frameworks/Python.framework/Versions/3.7/bin/multiqc --filename index.html -f -m star -m fastqc .
[2020-01-21 23:17:09,303] multiqc                                            [DEBUG  ]  Working dir : /Users/weisburd/project__rnaseq/rnaseq_methods/multiqc
[2020-01-21 23:17:09,304] multiqc                                            [INFO   ]  Template    : default
[2020-01-21 23:17:09,304] multiqc                                            [DEBUG  ]  Running Python 3.7.5 (default, Nov  1 2019, 02:16:38)  [Clang 10.0.0 (clang-1000.11.45.5)]
[2020-01-21 23:17:09,304] multiqc                                            [INFO   ]  Searching   : /Users/weisburd/project__rnaseq/rnaseq_methods/multiqc
[2020-01-21 23:17:09,305] multiqc                                            [INFO   ]  Only using modules star, fastqc
[2020-01-21 23:17:09,305] multiqc                                            [DEBUG  ]  Analysing modules: star, fastqc
[2020-01-21 23:17:09,308] multiqc                                            [DEBUG  ]  Using temporary directory for creating report: /var/folders/4k/jh2hjdp10jj7g6346ydf96v8k_60_2/T/tmpv3w_naea
[2020-01-21 23:17:09,530] multiqc                                            [DEBUG  ]  Ignored 201 search patterns as didn't match running modules.
[2020-01-21 23:17:09,534] multiqc                                            [DEBUG  ]  Ignoring directory as matched fn_ignore_dirs: ./star/multiqc_data
[2020-01-21 23:17:09,549] multiqc                                            [DEBUG  ]  Ignoring file as matched an ignore pattern: multiqc_report.html
[2020-01-21 23:17:10,077] multiqc.plots.bargraph                             [DEBUG  ]  Using matplotlib version 2.2.3
[2020-01-21 23:17:10,534] multiqc.modules.star.star                          [DEBUG  ]  Duplicate ReadsPerGene sample name found! Overwriting: B14-130-1M
[2020-01-21 23:17:10,702] multiqc.modules.star.star                          [DEBUG  ]  Duplicate ReadsPerGene sample name found! Overwriting: BON_B16-19_1
[2020-01-21 23:17:10,879] multiqc.modules.star.star                          [DEBUG  ]  Duplicate ReadsPerGene sample name found! Overwriting: BON_B14-20_1
[2020-01-21 23:17:11,049] multiqc.modules.star.star                          [DEBUG  ]  Duplicate ReadsPerGene sample name found! Overwriting: 447-3_A_3
[2020-01-21 23:17:11,250] multiqc.modules.star.star                          [DEBUG  ]  Duplicate ReadsPerGene sample name found! Overwriting: VCGS_FAM4_13_2
[2020-01-21 23:17:11,498] multiqc.modules.star.star                          [DEBUG  ]  Duplicate ReadsPerGene sample name found! Overwriting: MAN_0063_01_02
[2020-01-21 23:17:11,686] multiqc.modules.star.star                          [DEBUG  ]  Duplicate ReadsPerGene sample name found! Overwriting: HK006_0016_R1
[2020-01-21 23:17:11,860] multiqc.modules.star.star                          [DEBUG  ]  Duplicate ReadsPerGene sample name found! Overwriting: RP-1850_MUN_FAM5_SIBLINGMDC1A_01_R1_v2_RNA_OnPrem
[2020-01-21 23:17:12,031] multiqc.modules.star.star                          [DEBUG  ]  Duplicate ReadsPerGene sample name found! Overwriting: BON_B16-22_1
[2020-01-21 23:17:12,205] multiqc.modules.star.star                          [DEBUG  ]  Duplicate ReadsPerGene sample name found! Overwriting: MUN_FAM2_TOTALMDC1A1_03_R1
[2020-01-21 23:17:12,422] multiqc.modules.star.star                          [DEBUG  ]  Duplicate ReadsPerGene sample name found! Overwriting: OUN_HK047_0116_R1
[2020-01-21 23:17:12,601] multiqc.modules.star.star                          [DEBUG  ]  Duplicate ReadsPerGene sample name found! Overwriting: RP-2073_INMR_GI_456_R1_v2_RNA_OnPrem
[2020-01-21 23:17:12,769] multiqc.modules.star.star                          [DEBUG  ]  Duplicate ReadsPerGene sample name found! Overwriting: 210DB_BW_M1
[2020-01-21 23:17:12,940] multiqc.modules.star.star                          [DEBUG  ]  Duplicate ReadsPerGene sample name found! Overwriting: MCOP008_001_2
[2020-01-21 23:17:13,115] multiqc.modules.star.star                          [DEBUG  ]  Duplicate ReadsPerGene sample name found! Overwriting: 373HQ_BTG_M1
[2020-01-21 23:17:13,389] multiqc.modules.star.star                          [DEBUG  ]  Duplicate ReadsPerGene sample name found! Overwriting: VIL_17_120
[2020-01-21 23:17:13,562] multiqc.modules.star.star                          [DEBUG  ]  Duplicate ReadsPerGene sample name found! Overwriting: 432-3_A_2
[2020-01-21 23:17:13,756] multiqc.modules.star.star                          [DEBUG  ]  Duplicate ReadsPerGene sample name found! Overwriting: B14-70-1RNA
[2020-01-21 23:17:13,916] multiqc.modules.star.star                          [DEBUG  ]  Duplicate ReadsPerGene sample name found! Overwriting: SWE_36326_1
[2020-01-21 23:17:14,077] multiqc.modules.star.star                          [DEBUG  ]  Duplicate ReadsPerGene sample name found! Overwriting: BON_B12-76-1_2
[2020-01-21 23:17:14,273] multiqc.modules.star.star                          [DEBUG  ]  Duplicate ReadsPerGene sample name found! Overwriting: RP-2073_INMR_HZ_401_R1_v3_RNA_OnPrem
[2020-01-21 23:17:14,473] multiqc.modules.star.star                          [DEBUG  ]  Duplicate ReadsPerGene sample name found! Overwriting: CLA_180CJ_DP_2
[2020-01-21 23:17:14,653] multiqc.modules.star.star                          [DEBUG  ]  Duplicate ReadsPerGene sample name found! Overwriting: 1179-1-chr22
[2020-01-21 23:17:14,819] multiqc.modules.star.star                          [DEBUG  ]  Duplicate ReadsPerGene sample name found! Overwriting: HK088-001_2
[2020-01-21 23:17:15,009] multiqc.modules.star.star                          [DEBUG  ]  Duplicate ReadsPerGene sample name found! Overwriting: NH11-441
[2020-01-21 23:17:15,175] multiqc.modules.star.star                          [DEBUG  ]  Duplicate ReadsPerGene sample name found! Overwriting: MBEL028_001_3
[2020-01-21 23:17:15,448] multiqc.modules.star.star                          [DEBUG  ]  Duplicate ReadsPerGene sample name found! Overwriting: M_0146-01-H1
[2020-01-21 23:17:15,627] multiqc.modules.star.star                          [DEBUG  ]  Duplicate ReadsPerGene sample name found! Overwriting: VIL_17_164
[2020-01-21 23:17:15,824] multiqc.modules.star.star                          [DEBUG  ]  Duplicate ReadsPerGene sample name found! Overwriting: 205E_BD_M1
[2020-01-21 23:17:15,997] multiqc.modules.star.star                          [DEBUG  ]  Duplicate ReadsPerGene sample name found! Overwriting: 126BG_CB_M1
[2020-01-21 23:17:16,203] multiqc.modules.star.star                          [DEBUG  ]  Duplicate ReadsPerGene sample name found! Overwriting: NH12-1413
[2020-01-21 23:17:16,486] multiqc.modules.star.star                          [DEBUG  ]  Duplicate ReadsPerGene sample name found! Overwriting: B16-47_1_2
[2020-01-21 23:17:16,773] multiqc.modules.star.star                          [DEBUG  ]  Duplicate ReadsPerGene sample name found! Overwriting: SWE_36223_1
[2020-01-21 23:17:17,030] multiqc.modules.star.star                          [DEBUG  ]  Duplicate ReadsPerGene sample name found! Overwriting: RP-1850_MUN_FAM1_CTRL_02_R1_v1_RNA_OnPrem
[2020-01-21 23:17:17,219] multiqc.modules.star.star                          [DEBUG  ]  Duplicate ReadsPerGene sample name found! Overwriting: 250DV_LR_M1
[2020-01-21 23:17:17,545] multiqc.modules.star.star                          [DEBUG  ]  Duplicate ReadsPerGene sample name found! Overwriting: MUN_FAM4_ATYPICALMDC1A_01_R3
[2020-01-21 23:17:17,822] multiqc.modules.star.star                          [DEBUG  ]  Duplicate ReadsPerGene sample name found! Overwriting: VIL_17_099
[2020-01-21 23:17:18,051] multiqc.modules.star.star                          [DEBUG  ]  Duplicate ReadsPerGene sample name found! Overwriting: RP-2073_INMR_IK_581_R1_v3_RNA_OnPrem
[2020-01-21 23:17:18,217] multiqc.modules.star.star                          [DEBUG  ]  Duplicate ReadsPerGene sample name found! Overwriting: K1157-1-4
[2020-01-21 23:17:18,508] multiqc.modules.star.star                          [DEBUG  ]  Duplicate ReadsPerGene sample name found! Overwriting: CLA_62R_CaM_3
[2020-01-21 23:17:18,720] multiqc.modules.star.star                          [DEBUG  ]  Duplicate ReadsPerGene sample name found! Overwriting: RP-2073_92AI_SM_R1_v2_RNA_OnPrem
[2020-01-21 23:17:18,918] multiqc.modules.star.star                          [DEBUG  ]  Duplicate ReadsPerGene sample name found! Overwriting: MESP021_001_2
[2020-01-21 23:17:19,099] multiqc.modules.star.star                          [DEBUG  ]  Duplicate ReadsPerGene sample name found! Overwriting: BON_B16-57_1_2
[2020-01-21 23:17:19,394] multiqc.modules.star.star                          [DEBUG  ]  Duplicate ReadsPerGene sample name found! Overwriting: MESP039_2
[2020-01-21 23:17:19,577] multiqc.modules.star.star                          [DEBUG  ]  Duplicate ReadsPerGene sample name found! Overwriting: BEG_1230-1_T1227_R1
[2020-01-21 23:17:19,770] multiqc.modules.star.star                          [DEBUG  ]  Duplicate ReadsPerGene sample name found! Overwriting: BON_B12-74-1_1
[2020-01-21 23:17:19,946] multiqc.modules.star.star                          [DEBUG  ]  Duplicate ReadsPerGene sample name found! Overwriting: VCGS_FAM3_7_2
[2020-01-21 23:17:20,128] multiqc.modules.star.star                          [DEBUG  ]  Duplicate ReadsPerGene sample name found! Overwriting: VIL_17_105
[2020-01-21 23:17:20,354] multiqc.modules.star.star                          [DEBUG  ]  Duplicate ReadsPerGene sample name found! Overwriting: UC393-1M
[2020-01-21 23:17:20,560] multiqc.modules.star.star                          [DEBUG  ]  Duplicate ReadsPerGene sample name found! Overwriting: 167BZ_SP_M1
[2020-01-21 23:17:20,758] multiqc.modules.star.star                          [DEBUG  ]  Duplicate ReadsPerGene sample name found! Overwriting: 431-1_A_3
[2020-01-21 23:17:20,957] multiqc.modules.star.star                          [DEBUG  ]  Duplicate ReadsPerGene sample name found! Overwriting: BON_B12-33-2_1
[2020-01-21 23:17:21,145] multiqc.modules.star.star                          [DEBUG  ]  Duplicate ReadsPerGene sample name found! Overwriting: MAN_1001_01_M1_D1
[2020-01-21 23:17:21,480] multiqc.modules.star.star                          [DEBUG  ]  Duplicate ReadsPerGene sample name found! Overwriting: VCGS_FAM73_227_2
[2020-01-21 23:17:21,717] multiqc.modules.star.star                          [DEBUG  ]  Duplicate ReadsPerGene sample name found! Overwriting: 252DX_DC_M1
[2020-01-21 23:17:21,903] multiqc.modules.star.star                          [DEBUG  ]  Duplicate ReadsPerGene sample name found! Overwriting: BON_B15-125_1_2
[2020-01-21 23:17:22,095] multiqc.modules.star.star                          [DEBUG  ]  Duplicate ReadsPerGene sample name found! Overwriting: VCGS_FAM150_468_2
[2020-01-21 23:17:22,351] multiqc.modules.star.star                          [DEBUG  ]  Duplicate ReadsPerGene sample name found! Overwriting: VIL_17_141
[2020-01-21 23:17:22,547] multiqc.modules.star.star                          [DEBUG  ]  Duplicate ReadsPerGene sample name found! Overwriting: 37L_NA_M1
[2020-01-21 23:17:22,742] multiqc.modules.star.star                          [DEBUG  ]  Duplicate ReadsPerGene sample name found! Overwriting: B15-28_1_1
[2020-01-21 23:17:22,914] multiqc.modules.star.star                          [DEBUG  ]  Duplicate ReadsPerGene sample name found! Overwriting: BON_B17-23_1_R1
[2020-01-21 23:17:23,085] multiqc.modules.star.star                          [DEBUG  ]  Duplicate ReadsPerGene sample name found! Overwriting: HK018_0047_2
[2020-01-21 23:17:23,341] multiqc.modules.star.star                          [DEBUG  ]  Duplicate ReadsPerGene sample name found! Overwriting: BON_B15-118_1
[2020-01-21 23:17:23,624] multiqc.modules.star.star                          [DEBUG  ]  Duplicate ReadsPerGene sample name found! Overwriting: VCGS_FAM67_209_R1
[2020-01-21 23:17:23,857] multiqc.modules.star.star                          [DEBUG  ]  Duplicate ReadsPerGene sample name found! Overwriting: B11-48-1M
[2020-01-21 23:17:24,038] multiqc.modules.star.star                          [DEBUG  ]  Duplicate ReadsPerGene sample name found! Overwriting: OUN_HK137_001_R1
[2020-01-21 23:17:24,213] multiqc.modules.star.star                          [DEBUG  ]  Duplicate ReadsPerGene sample name found! Overwriting: VIL_17_121
[2020-01-21 23:17:24,449] multiqc.modules.star.star                          [DEBUG  ]  Duplicate ReadsPerGene sample name found! Overwriting: RP-1850_MUN_FAM4_ATYPICALMDC1A_01_R2_v2_RNA_OnPrem
[2020-01-21 23:17:24,638] multiqc.modules.star.star                          [DEBUG  ]  Duplicate ReadsPerGene sample name found! Overwriting: 9C_DH_M1
[2020-01-21 23:17:24,816] multiqc.modules.star.star                          [DEBUG  ]  Duplicate ReadsPerGene sample name found! Overwriting: T892
[2020-01-21 23:17:24,982] multiqc.modules.star.star                          [DEBUG  ]  Duplicate ReadsPerGene sample name found! Overwriting: BEG_887-1_T1240_R1
[2020-01-21 23:17:25,151] multiqc.modules.star.star                          [DEBUG  ]  Duplicate ReadsPerGene sample name found! Overwriting: VIL_18_046
[2020-01-21 23:17:25,420] multiqc.modules.star.star                          [DEBUG  ]  Duplicate ReadsPerGene sample name found! Overwriting: BON_B16_30_1_1
[2020-01-21 23:17:25,621] multiqc.modules.star.star                          [DEBUG  ]  Duplicate ReadsPerGene sample name found! Overwriting: 149BP_AB_M1
[2020-01-21 23:17:25,795] multiqc.modules.star.star                          [DEBUG  ]  Duplicate ReadsPerGene sample name found! Overwriting: MAN_0063_01_03
[2020-01-21 23:17:25,961] multiqc.modules.star.star                          [DEBUG  ]  Duplicate ReadsPerGene sample name found! Overwriting: CLA_388HV_XX_1
[2020-01-21 23:17:26,132] multiqc.modules.star.star                          [DEBUG  ]  Duplicate ReadsPerGene sample name found! Overwriting: VIL_17_152
[2020-01-21 23:17:26,362] multiqc.modules.star.star                          [DEBUG  ]  Duplicate ReadsPerGene sample name found! Overwriting: B11-25-1M
[2020-01-21 23:17:26,549] multiqc.modules.star.star                          [DEBUG  ]  Duplicate ReadsPerGene sample name found! Overwriting: SRPK3_EM__1
[2020-01-21 23:17:26,778] multiqc.modules.star.star                          [DEBUG  ]  Duplicate ReadsPerGene sample name found! Overwriting: VCGS_DLS_FAM1_1_R1
[2020-01-21 23:17:26,981] multiqc.modules.star.star                          [DEBUG  ]  Duplicate ReadsPerGene sample name found! Overwriting: MUN_FAM2_TOTALMDC1A1_04_R1
[2020-01-21 23:17:27,191] multiqc.modules.star.star                          [DEBUG  ]  Duplicate ReadsPerGene sample name found! Overwriting: B14-07RNA
[2020-01-21 23:17:27,554] multiqc.modules.star.star                          [DEBUG  ]  Duplicate ReadsPerGene sample name found! Overwriting: BON_B14-51_1_2
[2020-01-21 23:17:27,768] multiqc.modules.star.star                          [DEBUG  ]  Duplicate ReadsPerGene sample name found! Overwriting: OUN_HK124_001_R1
[2020-01-21 23:17:27,984] multiqc.modules.star.star                          [DEBUG  ]  Duplicate ReadsPerGene sample name found! Overwriting: VCGS_FAM147_459_2
[2020-01-21 23:17:28,161] multiqc.modules.star.star                          [DEBUG  ]  Duplicate ReadsPerGene sample name found! Overwriting: T757
[2020-01-21 23:17:28,393] multiqc.modules.star.star                          [DEBUG  ]  Duplicate ReadsPerGene sample name found! Overwriting: HK106-001_R1
[2020-01-21 23:17:28,563] multiqc.modules.star.star                          [DEBUG  ]  Duplicate ReadsPerGene sample name found! Overwriting: VCGS_FAM27_84_2
[2020-01-21 23:17:28,759] multiqc.modules.star.star                          [DEBUG  ]  Duplicate ReadsPerGene sample name found! Overwriting: RP-2073_INMR_IV_615_R1_v3_RNA_OnPrem
[2020-01-21 23:17:28,929] multiqc.modules.star.star                          [DEBUG  ]  Duplicate ReadsPerGene sample name found! Overwriting: OUN_HK018_0047_R1
[2020-01-21 23:17:29,088] multiqc.modules.star.star                          [DEBUG  ]  Duplicate ReadsPerGene sample name found! Overwriting: LIA_EDW01_1
[2020-01-21 23:17:29,276] multiqc.modules.star.star                          [DEBUG  ]  Duplicate ReadsPerGene sample name found! Overwriting: BEG_14-4_T65_R1
[2020-01-21 23:17:29,533] multiqc.modules.star.star                          [DEBUG  ]  Duplicate ReadsPerGene sample name found! Overwriting: RP-2073_INMR_GB_408_R1_v2_RNA_OnPrem
[2020-01-21 23:17:29,713] multiqc.modules.star.star                          [DEBUG  ]  Duplicate ReadsPerGene sample name found! Overwriting: MUN_FAM3_PARTIALMDC1A1_03_R1
[2020-01-21 23:17:29,893] multiqc.modules.star.star                          [DEBUG  ]  Duplicate ReadsPerGene sample name found! Overwriting: B14-117-1RNA-2
[2020-01-21 23:17:30,071] multiqc.modules.star.star                          [DEBUG  ]  Duplicate ReadsPerGene sample name found! Overwriting: VIL_17_097
[2020-01-21 23:17:30,278] multiqc.modules.star.star                          [DEBUG  ]  Duplicate ReadsPerGene sample name found! Overwriting: T238
[2020-01-21 23:17:30,500] multiqc.modules.star.star                          [DEBUG  ]  Duplicate ReadsPerGene sample name found! Overwriting: 253DY_HA_M1
[2020-01-21 23:17:30,684] multiqc.modules.star.star                          [DEBUG  ]  Duplicate ReadsPerGene sample name found! Overwriting: 251DW_SD_M1
[2020-01-21 23:17:30,891] multiqc.modules.star.star                          [DEBUG  ]  Duplicate ReadsPerGene sample name found! Overwriting: CLA_179CI_GG_2
[2020-01-21 23:17:31,095] multiqc.modules.star.star                          [DEBUG  ]  Duplicate ReadsPerGene sample name found! Overwriting: CLA_338FT_DM_2
[2020-01-21 23:17:31,372] multiqc.modules.star.star                          [DEBUG  ]  Duplicate ReadsPerGene sample name found! Overwriting: BON_B18-25_1_R1
[2020-01-21 23:17:31,562] multiqc.modules.star.star                          [DEBUG  ]  Duplicate ReadsPerGene sample name found! Overwriting: VCGS_FAM52_162_3
[2020-01-21 23:17:31,747] multiqc.modules.star.star                          [DEBUG  ]  Duplicate ReadsPerGene sample name found! Overwriting: HK011_0029_R1
[2020-01-21 23:17:31,933] multiqc.modules.star.star                          [DEBUG  ]  Duplicate ReadsPerGene sample name found! Overwriting: VCGS_FAM2_4_2
[2020-01-21 23:17:32,113] multiqc.modules.star.star                          [DEBUG  ]  Duplicate ReadsPerGene sample name found! Overwriting: RGP_94_4_2
[2020-01-21 23:17:32,324] multiqc.modules.star.star                          [DEBUG  ]  Duplicate ReadsPerGene sample name found! Overwriting: HK069-0177_2
[2020-01-21 23:17:32,528] multiqc.modules.star.star                          [DEBUG  ]  Duplicate ReadsPerGene sample name found! Overwriting: BON_B09-27-1_1
[2020-01-21 23:17:32,719] multiqc.modules.star.star                          [DEBUG  ]  Duplicate ReadsPerGene sample name found! Overwriting: VCGS_FAM31_97_2
[2020-01-21 23:17:32,900] multiqc.modules.star.star                          [DEBUG  ]  Duplicate ReadsPerGene sample name found! Overwriting: 204H_AM_M1
[2020-01-21 23:17:33,084] multiqc.modules.star.star                          [DEBUG  ]  Duplicate ReadsPerGene sample name found! Overwriting: MUN_FAM1_CTRL_01_R1
[2020-01-21 23:17:33,289] multiqc.modules.star.star                          [DEBUG  ]  Duplicate ReadsPerGene sample name found! Overwriting: BON_B15-26_1_1
[2020-01-21 23:17:33,549] multiqc.modules.star.star                          [DEBUG  ]  Duplicate ReadsPerGene sample name found! Overwriting: HK072-001_2
[2020-01-21 23:17:33,733] multiqc.modules.star.star                          [DEBUG  ]  Duplicate ReadsPerGene sample name found! Overwriting: LIA_MAS02_2
[2020-01-21 23:17:33,922] multiqc.modules.star.star                          [DEBUG  ]  Duplicate ReadsPerGene sample name found! Overwriting: B16-48_1_1
[2020-01-21 23:17:34,125] multiqc.modules.star.star                          [DEBUG  ]  Duplicate ReadsPerGene sample name found! Overwriting: VCGS_FAM11_32_2
[2020-01-21 23:17:34,352] multiqc.modules.star.star                          [DEBUG  ]  Duplicate ReadsPerGene sample name found! Overwriting: RP-2073_INMR_IG_561_R1_v3_RNA_OnPrem
[2020-01-21 23:17:34,541] multiqc.modules.star.star                          [DEBUG  ]  Duplicate ReadsPerGene sample name found! Overwriting: RGP_94_3_2
[2020-01-21 23:17:34,733] multiqc.modules.star.star                          [DEBUG  ]  Duplicate ReadsPerGene sample name found! Overwriting: B13-52-1M
[2020-01-21 23:17:34,917] multiqc.modules.star.star                          [DEBUG  ]  Duplicate ReadsPerGene sample name found! Overwriting: CLA_62R_CaM_2
[2020-01-21 23:17:35,106] multiqc.modules.star.star                          [DEBUG  ]  Duplicate ReadsPerGene sample name found! Overwriting: VIL_17_098
[2020-01-21 23:17:35,330] multiqc.modules.star.star                          [DEBUG  ]  Duplicate ReadsPerGene sample name found! Overwriting: RGP_56_3_3
[2020-01-21 23:17:35,564] multiqc.modules.star.star                          [DEBUG  ]  Duplicate ReadsPerGene sample name found! Overwriting: VCGS_FAM1_1_2
[2020-01-21 23:17:35,760] multiqc.modules.star.star                          [DEBUG  ]  Duplicate ReadsPerGene sample name found! Overwriting: VCGS_FAM22_69_2
[2020-01-21 23:17:35,947] multiqc.modules.star.star                          [DEBUG  ]  Duplicate ReadsPerGene sample name found! Overwriting: MBEL028_002_1
[2020-01-21 23:17:36,125] multiqc.modules.star.star                          [DEBUG  ]  Duplicate ReadsPerGene sample name found! Overwriting: BON_B14-71-2_1
[2020-01-21 23:17:36,353] multiqc.modules.star.star                          [DEBUG  ]  Duplicate ReadsPerGene sample name found! Overwriting: 247DT_SH_M1
[2020-01-21 23:17:36,534] multiqc.modules.star.star                          [DEBUG  ]  Duplicate ReadsPerGene sample name found! Overwriting: MUN_FAM3_PARTIALMDC1A1_05_R1
[2020-01-21 23:17:36,725] multiqc.modules.star.star                          [DEBUG  ]  Duplicate ReadsPerGene sample name found! Overwriting: 146BO_JB_M1
[2020-01-21 23:17:36,912] multiqc.modules.star.star                          [DEBUG  ]  Duplicate ReadsPerGene sample name found! Overwriting: B13-07-1M
[2020-01-21 23:17:37,116] multiqc.modules.star.star                          [DEBUG  ]  Duplicate ReadsPerGene sample name found! Overwriting: 1179-1
[2020-01-21 23:17:37,409] multiqc.modules.star.star                          [DEBUG  ]  Duplicate ReadsPerGene sample name found! Overwriting: 437-2_A_2
[2020-01-21 23:17:37,596] multiqc.modules.star.star                          [DEBUG  ]  Duplicate ReadsPerGene sample name found! Overwriting: VCGS_FAM84_260_R1
[2020-01-21 23:17:37,781] multiqc.modules.star.star                          [DEBUG  ]  Duplicate ReadsPerGene sample name found! Overwriting: NH12-843_MyoD_Day5
[2020-01-21 23:17:37,977] multiqc.modules.star.star                          [DEBUG  ]  Duplicate ReadsPerGene sample name found! Overwriting: VCGS_FAM39_123_R1
[2020-01-21 23:17:38,175] multiqc.modules.star.star                          [DEBUG  ]  Duplicate ReadsPerGene sample name found! Overwriting: OUN_HK112_001_R1
[2020-01-21 23:17:38,407] multiqc.modules.star.star                          [DEBUG  ]  Duplicate ReadsPerGene sample name found! Overwriting: VCGS_FAM149_465_2
[2020-01-21 23:17:38,597] multiqc.modules.star.star                          [DEBUG  ]  Duplicate ReadsPerGene sample name found! Overwriting: 1258-1
[2020-01-21 23:17:38,780] multiqc.modules.star.star                          [DEBUG  ]  Duplicate ReadsPerGene sample name found! Overwriting: 255EA_GC_M1
[2020-01-21 23:17:38,962] multiqc.modules.star.star                          [DEBUG  ]  Duplicate ReadsPerGene sample name found! Overwriting: HK010_0026_R1
[2020-01-21 23:17:39,150] multiqc.modules.star.star                          [DEBUG  ]  Duplicate ReadsPerGene sample name found! Overwriting: HK044_0109_R1
[2020-01-21 23:17:39,420] multiqc.modules.star.star                          [DEBUG  ]  Duplicate ReadsPerGene sample name found! Overwriting: VCGS_FAM61_190_R1
[2020-01-21 23:17:39,613] multiqc.modules.star.star                          [DEBUG  ]  Duplicate ReadsPerGene sample name found! Overwriting: B15-15_1_1
[2020-01-21 23:17:39,779] multiqc.modules.star.star                          [DEBUG  ]  Duplicate ReadsPerGene sample name found! Overwriting: 164BW_KC_M1
[2020-01-21 23:17:39,971] multiqc.modules.star.star                          [DEBUG  ]  Duplicate ReadsPerGene sample name found! Overwriting: RGP_7_4_2
[2020-01-21 23:17:40,143] multiqc.modules.star.star                          [DEBUG  ]  Duplicate ReadsPerGene sample name found! Overwriting: RP-1850_MUN_FAM5_SIBLINGMDC1A_01_R3_v2_RNA_OnPrem
[2020-01-21 23:17:40,375] multiqc.modules.star.star                          [DEBUG  ]  Duplicate ReadsPerGene sample name found! Overwriting: BON_B16-53-1_1
[2020-01-21 23:17:40,558] multiqc.modules.star.star                          [DEBUG  ]  Duplicate ReadsPerGene sample name found! Overwriting: RP-1850_MUN_FAM4_ATYPICALMDC1A_01_R1_v2_RNA_OnPrem
[2020-01-21 23:17:40,748] multiqc.modules.star.star                          [DEBUG  ]  Duplicate ReadsPerGene sample name found! Overwriting: 1211-1
[2020-01-21 23:17:40,933] multiqc.modules.star.star                          [DEBUG  ]  Duplicate ReadsPerGene sample name found! Overwriting: B13-07-1RNA
[2020-01-21 23:17:41,126] multiqc.modules.star.star                          [DEBUG  ]  Duplicate ReadsPerGene sample name found! Overwriting: BON_B18-24_1_R1
[2020-01-21 23:17:41,350] multiqc.modules.star.star                          [DEBUG  ]  Duplicate ReadsPerGene sample name found! Overwriting: ICCV_458_10CC06258_02
[2020-01-21 23:17:41,614] multiqc.modules.star.star                          [DEBUG  ]  Duplicate ReadsPerGene sample name found! Overwriting: VCGS_FAM41_129_2
[2020-01-21 23:17:41,858] multiqc.modules.star.star                          [DEBUG  ]  Duplicate ReadsPerGene sample name found! Overwriting: BON_B16-50_1_2
[2020-01-21 23:17:42,113] multiqc.modules.star.star                          [DEBUG  ]  Duplicate ReadsPerGene sample name found! Overwriting: BEG_851-1_T840_R1
[2020-01-21 23:17:42,389] multiqc.modules.star.star                          [DEBUG  ]  Duplicate ReadsPerGene sample name found! Overwriting: BON_B15-76-2_2
[2020-01-21 23:17:42,613] multiqc.modules.star.star                          [DEBUG  ]  Duplicate ReadsPerGene sample name found! Overwriting: MMAD002_001_2
[2020-01-21 23:17:42,872] multiqc.modules.star.star                          [DEBUG  ]  Duplicate ReadsPerGene sample name found! Overwriting: HK085-001_R1
[2020-01-21 23:17:43,072] multiqc.modules.star.star                          [DEBUG  ]  Duplicate ReadsPerGene sample name found! Overwriting: VIL_17_107
[2020-01-21 23:17:43,323] multiqc.modules.star.star                          [DEBUG  ]  Duplicate ReadsPerGene sample name found! Overwriting: RGP_7_3_2
[2020-01-21 23:17:43,538] multiqc.modules.star.star                          [DEBUG  ]  Duplicate ReadsPerGene sample name found! Overwriting: T850
[2020-01-21 23:17:44,048] multiqc.modules.star.star                          [DEBUG  ]  Duplicate ReadsPerGene sample name found! Overwriting: MTEH041_001_2
[2020-01-21 23:17:44,217] multiqc.modules.star.star                          [DEBUG  ]  Duplicate ReadsPerGene sample name found! Overwriting: HK024_0065_R1
[2020-01-21 23:17:44,437] multiqc.modules.star.star                          [DEBUG  ]  Duplicate ReadsPerGene sample name found! Overwriting: RP-2073_193CP_LS_R1_v3_RNA_OnPrem
[2020-01-21 23:17:44,623] multiqc.modules.star.star                          [DEBUG  ]  Duplicate ReadsPerGene sample name found! Overwriting: OUN_HK081_001_R1
[2020-01-21 23:17:44,807] multiqc.modules.star.star                          [DEBUG  ]  Duplicate ReadsPerGene sample name found! Overwriting: CLA_79Z_CP_2
[2020-01-21 23:17:45,040] multiqc.modules.star.star                          [DEBUG  ]  Duplicate ReadsPerGene sample name found! Overwriting: UC305-1M
[2020-01-21 23:17:45,230] multiqc.modules.star.star                          [DEBUG  ]  Duplicate ReadsPerGene sample name found! Overwriting: VIL_17_151
[2020-01-21 23:17:45,604] multiqc.modules.star.star                          [DEBUG  ]  Duplicate ReadsPerGene sample name found! Overwriting: RP-1118_MAN_1438-01-M1_R1_v2_RNA_OnPrem
[2020-01-21 23:17:45,835] multiqc.modules.star.star                          [DEBUG  ]  Duplicate ReadsPerGene sample name found! Overwriting: MGLA003_001_2
[2020-01-21 23:17:46,044] multiqc.modules.star.star                          [DEBUG  ]  Duplicate ReadsPerGene sample name found! Overwriting: VCGS_FAM29_90_R1
[2020-01-21 23:17:46,270] multiqc.modules.star.star                          [DEBUG  ]  Duplicate ReadsPerGene sample name found! Overwriting: BON_B18-54_1_R1
[2020-01-21 23:17:46,470] multiqc.modules.star.star                          [DEBUG  ]  Duplicate ReadsPerGene sample name found! Overwriting: BB0280_CH_AffF_2
[2020-01-21 23:17:46,694] multiqc.modules.star.star                          [DEBUG  ]  Duplicate ReadsPerGene sample name found! Overwriting: VIL_17_110
[2020-01-21 23:17:46,904] multiqc.modules.star.star                          [DEBUG  ]  Duplicate ReadsPerGene sample name found! Overwriting: RP-2073_INMR_HW_389_R1_v3_RNA_OnPrem
[2020-01-21 23:17:47,079] multiqc.modules.star.star                          [DEBUG  ]  Duplicate ReadsPerGene sample name found! Overwriting: VCGS_FAM49_153_R1
[2020-01-21 23:17:47,314] multiqc.modules.star.star                          [DEBUG  ]  Duplicate ReadsPerGene sample name found! Overwriting: NH12-843_Fibroblasts
[2020-01-21 23:17:47,513] multiqc.modules.star.star                          [DEBUG  ]  Duplicate ReadsPerGene sample name found! Overwriting: MUN_FAM2_TOTALMDC1A1_02_R1
[2020-01-21 23:17:47,698] multiqc.modules.star.star                          [DEBUG  ]  Duplicate ReadsPerGene sample name found! Overwriting: 227DJ_JP_M1
[2020-01-21 23:17:47,879] multiqc.modules.star.star                          [DEBUG  ]  Duplicate ReadsPerGene sample name found! Overwriting: BEG_1025-1_T999_R1
[2020-01-21 23:17:48,063] multiqc.modules.star.star                          [DEBUG  ]  Duplicate ReadsPerGene sample name found! Overwriting: MBRU030_2
[2020-01-21 23:17:48,233] multiqc.modules.star.star                          [DEBUG  ]  Duplicate ReadsPerGene sample name found! Overwriting: B14-48-1RNA
[2020-01-21 23:17:48,457] multiqc.modules.star.star                          [DEBUG  ]  Duplicate ReadsPerGene sample name found! Overwriting: VCGS_FAM58_181_R1
[2020-01-21 23:17:48,680] multiqc.modules.star.star                          [DEBUG  ]  Duplicate ReadsPerGene sample name found! Overwriting: VIL_18_045
[2020-01-21 23:17:48,911] multiqc.modules.star.star                          [DEBUG  ]  Duplicate ReadsPerGene sample name found! Overwriting: UC316-1M
[2020-01-21 23:17:49,175] multiqc.modules.star.star                          [DEBUG  ]  Duplicate ReadsPerGene sample name found! Overwriting: VIL_18_120
[2020-01-21 23:17:49,699] multiqc.modules.star.star                          [DEBUG  ]  Duplicate ReadsPerGene sample name found! Overwriting: MUN_FAM1_CTRL_03_R1
[2020-01-21 23:17:49,890] multiqc.modules.star.star                          [DEBUG  ]  Duplicate ReadsPerGene sample name found! Overwriting: BON_B14-75-1_1
[2020-01-21 23:17:50,076] multiqc.modules.star.star                          [DEBUG  ]  Duplicate ReadsPerGene sample name found! Overwriting: VIL_17_163
[2020-01-21 23:17:50,299] multiqc.modules.star.star                          [DEBUG  ]  Duplicate ReadsPerGene sample name found! Overwriting: 361AL_CC_M1
[2020-01-21 23:17:50,560] multiqc.modules.star.star                          [DEBUG  ]  Duplicate ReadsPerGene sample name found! Overwriting: UC368-1M
[2020-01-21 23:17:50,925] multiqc.modules.star.star                          [DEBUG  ]  Duplicate ReadsPerGene sample name found! Overwriting: 26I_SK_M1
[2020-01-21 23:17:51,105] multiqc.modules.star.star                          [DEBUG  ]  Duplicate ReadsPerGene sample name found! Overwriting: RGP_248_3
[2020-01-21 23:17:51,340] multiqc.modules.star.star                          [DEBUG  ]  Duplicate ReadsPerGene sample name found! Overwriting: VIL_18_061
[2020-01-21 23:17:51,523] multiqc.modules.star.star                          [DEBUG  ]  Duplicate ReadsPerGene sample name found! Overwriting: CLA_214DF_AB_2
[2020-01-21 23:17:51,694] multiqc.modules.star.star                          [DEBUG  ]  Duplicate ReadsPerGene sample name found! Overwriting: 41M_MW_M1
[2020-01-21 23:17:51,867] multiqc.modules.star.star                          [DEBUG  ]  Duplicate ReadsPerGene sample name found! Overwriting: BEG_1438-1_T1339_R1
[2020-01-21 23:17:52,147] multiqc.modules.star.star                          [DEBUG  ]  Duplicate ReadsPerGene sample name found! Overwriting: RP-2034_RGP_800_3_2_v2_RNA_OnPrem
[2020-01-21 23:17:52,348] multiqc.modules.star.star                          [DEBUG  ]  Duplicate ReadsPerGene sample name found! Overwriting: OUN_HK079_001_R1
[2020-01-21 23:17:52,552] multiqc.modules.star.star                          [DEBUG  ]  Duplicate ReadsPerGene sample name found! Overwriting: B09-24-1RNA_UNKNOWN
[2020-01-21 23:17:52,726] multiqc.modules.star.star                          [DEBUG  ]  Duplicate ReadsPerGene sample name found! Overwriting: B11-11-1M
[2020-01-21 23:17:52,898] multiqc.modules.star.star                          [DEBUG  ]  Duplicate ReadsPerGene sample name found! Overwriting: CLA_329FK_RR_2
[2020-01-21 23:17:53,065] multiqc.modules.star.star                          [DEBUG  ]  Duplicate ReadsPerGene sample name found! Overwriting: B13-15RNA
[2020-01-21 23:17:53,298] multiqc.modules.star.star                          [DEBUG  ]  Duplicate ReadsPerGene sample name found! Overwriting: VIL_17_106
[2020-01-21 23:17:53,529] multiqc.modules.star.star                          [DEBUG  ]  Duplicate ReadsPerGene sample name found! Overwriting: RP-1850_MUN_FAM5_SIBLINGMDC1A_01_R2_v2_RNA_OnPrem
[2020-01-21 23:17:53,702] multiqc.modules.star.star                          [DEBUG  ]  Duplicate ReadsPerGene sample name found! Overwriting: 153BR_JB_M1
[2020-01-21 23:17:53,860] multiqc.modules.star.star                          [DEBUG  ]  Duplicate ReadsPerGene sample name found! Overwriting: OUN_HK116_001_R1
[2020-01-21 23:17:54,029] multiqc.modules.star.star                          [DEBUG  ]  Duplicate ReadsPerGene sample name found! Overwriting: B15-25_1_2
[2020-01-21 23:17:54,215] multiqc.modules.star.star                          [DEBUG  ]  Duplicate ReadsPerGene sample name found! Overwriting: 431-2_A_2
[2020-01-21 23:17:54,424] multiqc.modules.star.star                          [DEBUG  ]  Duplicate ReadsPerGene sample name found! Overwriting: B09-40-1M
[2020-01-21 23:17:55,359] multiqc.modules.star.star                          [DEBUG  ]  Duplicate ReadsPerGene sample name found! Overwriting: UWA_FAM7_PT_D16-1243_2
[2020-01-21 23:17:55,618] multiqc.modules.star.star                          [DEBUG  ]  Duplicate ReadsPerGene sample name found! Overwriting: LIA_TIS03_2
[2020-01-21 23:17:55,793] multiqc.modules.star.star                          [DEBUG  ]  Duplicate ReadsPerGene sample name found! Overwriting: UC223-1RNA
[2020-01-21 23:17:55,961] multiqc.modules.star.star                          [DEBUG  ]  Duplicate ReadsPerGene sample name found! Overwriting: B12-21-1M
[2020-01-21 23:17:56,126] multiqc.modules.star.star                          [DEBUG  ]  Duplicate ReadsPerGene sample name found! Overwriting: RGP_7_1_2
[2020-01-21 23:17:56,333] multiqc.modules.star.star                          [DEBUG  ]  Duplicate ReadsPerGene sample name found! Overwriting: 254DZ_WP_M1
[2020-01-21 23:17:56,514] multiqc.modules.star.star                          [DEBUG  ]  Duplicate ReadsPerGene sample name found! Overwriting: BON_B14-163-1_2
[2020-01-21 23:17:56,705] multiqc.modules.star.star                          [DEBUG  ]  Duplicate ReadsPerGene sample name found! Overwriting: BEG_916-1_T916_R1
[2020-01-21 23:17:56,910] multiqc.modules.star.star                          [DEBUG  ]  Duplicate ReadsPerGene sample name found! Overwriting: 46N_RL_M1
[2020-01-21 23:17:57,101] multiqc.modules.star.star                          [DEBUG  ]  Duplicate ReadsPerGene sample name found! Overwriting: 65T_CR_M1
[2020-01-21 23:17:57,570] multiqc.modules.star.star                          [DEBUG  ]  Duplicate ReadsPerGene sample name found! Overwriting: B10-02-1RNA
[2020-01-21 23:17:57,777] multiqc.modules.star.star                          [DEBUG  ]  Duplicate ReadsPerGene sample name found! Overwriting: BON_B12-71_2_R1
[2020-01-21 23:17:57,998] multiqc.modules.star.star                          [DEBUG  ]  Duplicate ReadsPerGene sample name found! Overwriting: BON_B14-60-1_2
[2020-01-21 23:17:58,200] multiqc.modules.star.star                          [DEBUG  ]  Duplicate ReadsPerGene sample name found! Overwriting: RP-1850_MUN_FAM3_PARTIALMDC1A1_01_R1_v2_RNA_OnPrem
[2020-01-21 23:17:58,427] multiqc.modules.star.star                          [DEBUG  ]  Duplicate ReadsPerGene sample name found! Overwriting: TOP_MAAC031_F_Muscle1
[2020-01-21 23:17:58,610] multiqc.modules.star.star                          [DEBUG  ]  Duplicate ReadsPerGene sample name found! Overwriting: MUN_FAM3_PARTIALMDC1A1_02_R1
[2020-01-21 23:17:58,822] multiqc.modules.star.star                          [DEBUG  ]  Duplicate ReadsPerGene sample name found! Overwriting: BON_UC473_1
[2020-01-21 23:17:59,005] multiqc.modules.star.star                          [DEBUG  ]  Duplicate ReadsPerGene sample name found! Overwriting: BON_B16-75-1_2
[2020-01-21 23:17:59,183] multiqc.modules.star.star                          [DEBUG  ]  Duplicate ReadsPerGene sample name found! Overwriting: RGP_7_2_2
[2020-01-21 23:17:59,455] multiqc.modules.star.star                          [DEBUG  ]  Duplicate ReadsPerGene sample name found! Overwriting: 163BV_JE_M1
[2020-01-21 23:17:59,638] multiqc.modules.star.star                          [DEBUG  ]  Duplicate ReadsPerGene sample name found! Overwriting: MUN_FAM1_CTRL_04_R1
[2020-01-21 23:17:59,812] multiqc.modules.star.star                          [DEBUG  ]  Duplicate ReadsPerGene sample name found! Overwriting: BON_B13-55_1_2
[2020-01-21 23:18:00,006] multiqc.modules.star.star                          [DEBUG  ]  Duplicate ReadsPerGene sample name found! Overwriting: UC84-1RNA
[2020-01-21 23:18:00,207] multiqc.modules.star.star                          [DEBUG  ]  Duplicate ReadsPerGene sample name found! Overwriting: VCGS_FAM12_36_2
[2020-01-21 23:18:00,455] multiqc.modules.star.star                          [DEBUG  ]  Duplicate ReadsPerGene sample name found! Overwriting: SRPK3_USA_1
[2020-01-21 23:18:00,691] multiqc.modules.star.star                          [DEBUG  ]  Duplicate ReadsPerGene sample name found! Overwriting: 437-3_A_2
[2020-01-21 23:18:00,869] multiqc.modules.star.star                          [DEBUG  ]  Duplicate ReadsPerGene sample name found! Overwriting: B12-30RNA
[2020-01-21 23:18:01,043] multiqc.modules.star.star                          [DEBUG  ]  Duplicate ReadsPerGene sample name found! Overwriting: 81AB_MM_M1
[2020-01-21 23:18:01,277] multiqc.modules.star.star                          [DEBUG  ]  Duplicate ReadsPerGene sample name found! Overwriting: CLA_143BN_BB_2
[2020-01-21 23:18:01,511] multiqc.modules.star.star                          [DEBUG  ]  Duplicate ReadsPerGene sample name found! Overwriting: B14-78-1-U
[2020-01-21 23:18:01,688] multiqc.modules.star.star                          [DEBUG  ]  Duplicate ReadsPerGene sample name found! Overwriting: MUN_FAM2_TOTALMDC1A1_05_R1
[2020-01-21 23:18:01,860] multiqc.modules.star.star                          [DEBUG  ]  Duplicate ReadsPerGene sample name found! Overwriting: RGP_273_3_R1
[2020-01-21 23:18:02,047] multiqc.modules.star.star                          [DEBUG  ]  Duplicate ReadsPerGene sample name found! Overwriting: SRPK3_JAP_1
[2020-01-21 23:18:02,233] multiqc.modules.star.star                          [DEBUG  ]  Duplicate ReadsPerGene sample name found! Overwriting: HK101-001_R1
[2020-01-21 23:18:02,455] multiqc.modules.star.star                          [DEBUG  ]  Duplicate ReadsPerGene sample name found! Overwriting: RGP_7_5_2
[2020-01-21 23:18:02,623] multiqc.modules.star.star                          [DEBUG  ]  Duplicate ReadsPerGene sample name found! Overwriting: HK028_0073_R1
[2020-01-21 23:18:02,786] multiqc.modules.star.star                          [DEBUG  ]  Duplicate ReadsPerGene sample name found! Overwriting: B09-25-1RNA
[2020-01-21 23:18:02,959] multiqc.modules.star.star                          [DEBUG  ]  Duplicate ReadsPerGene sample name found! Overwriting: BON_B17-28_1_R1
[2020-01-21 23:18:03,122] multiqc.modules.star.star                          [DEBUG  ]  Duplicate ReadsPerGene sample name found! Overwriting: BON_UC219-1_1
[2020-01-21 23:18:03,348] multiqc.modules.star.star                          [DEBUG  ]  Duplicate ReadsPerGene sample name found! Overwriting: RGP_54_3_2
[2020-01-21 23:18:03,531] multiqc.modules.star.star                          [DEBUG  ]  Duplicate ReadsPerGene sample name found! Overwriting: OUN_HK080_001_R1
[2020-01-21 23:18:03,698] multiqc.modules.star.star                          [DEBUG  ]  Duplicate ReadsPerGene sample name found! Overwriting: MESP014_2
[2020-01-21 23:18:03,865] multiqc.modules.star.star                          [DEBUG  ]  Duplicate ReadsPerGene sample name found! Overwriting: T1244
[2020-01-21 23:18:04,054] multiqc.modules.star.star                          [DEBUG  ]  Duplicate ReadsPerGene sample name found! Overwriting: BEG_1078-1_T1071_R1
[2020-01-21 23:18:04,236] multiqc.modules.star.star                          [DEBUG  ]  Duplicate ReadsPerGene sample name found! Overwriting: VCGS_FAM26_81_2
[2020-01-21 23:18:04,477] multiqc.modules.star.star                          [DEBUG  ]  Duplicate ReadsPerGene sample name found! Overwriting: BON_B15-98_1_2
[2020-01-21 23:18:04,689] multiqc.modules.star.star                          [DEBUG  ]  Duplicate ReadsPerGene sample name found! Overwriting: VIL_17_111
[2020-01-21 23:18:04,858] multiqc.modules.star.star                          [DEBUG  ]  Duplicate ReadsPerGene sample name found! Overwriting: VCGS_FAM42_132_2
[2020-01-21 23:18:05,030] multiqc.modules.star.star                          [DEBUG  ]  Duplicate ReadsPerGene sample name found! Overwriting: BON_B16_80_1_1
[2020-01-21 23:18:05,196] multiqc.modules.star.star                          [DEBUG  ]  Duplicate ReadsPerGene sample name found! Overwriting: VCGS_FAM148_462_2
[2020-01-21 23:18:05,475] multiqc.modules.star.star                          [DEBUG  ]  Duplicate ReadsPerGene sample name found! Overwriting: VIL_17_150
[2020-01-21 23:18:05,478] multiqc.modules.star.star                          [INFO   ]  Found 261 reports and 261 gene count files
[2020-01-21 23:19:05,063] multiqc.plots.linegraph                            [DEBUG  ]  Using matplotlib version 2.2.3
[2020-01-21 23:19:52,961] multiqc.modules.fastqc.fastqc                      [INFO   ]  Found 261 reports
[2020-01-21 23:20:30,584] multiqc                                            [INFO   ]  Compressing plot data
[2020-01-21 23:20:30,910] multiqc                                            [INFO   ]  Report      : index.html
[2020-01-21 23:20:30,911] multiqc                                            [INFO   ]  Data        : index_data
[2020-01-21 23:20:30,913] multiqc                                            [DEBUG  ]  Moving data file from '/var/folders/4k/jh2hjdp10jj7g6346ydf96v8k_60_2/T/tmpv3w_naea/multiqc_data/mqc_star_gene_counts_Reverse_Stranded.txt' to '/Users/weisburd/project__rnaseq/rnaseq_methods/multiqc/index_data'
[2020-01-21 23:20:30,914] multiqc                                            [DEBUG  ]  Moving data file from '/var/folders/4k/jh2hjdp10jj7g6346ydf96v8k_60_2/T/tmpv3w_naea/multiqc_data/multiqc_fastqc.txt' to '/Users/weisburd/project__rnaseq/rnaseq_methods/multiqc/index_data'
[2020-01-21 23:20:30,915] multiqc                                            [DEBUG  ]  Moving data file from '/var/folders/4k/jh2hjdp10jj7g6346ydf96v8k_60_2/T/tmpv3w_naea/multiqc_data/mqc_fastqc_per_base_sequence_quality_plot_1.txt' to '/Users/weisburd/project__rnaseq/rnaseq_methods/multiqc/index_data'
[2020-01-21 23:20:30,915] multiqc                                            [DEBUG  ]  Moving data file from '/var/folders/4k/jh2hjdp10jj7g6346ydf96v8k_60_2/T/tmpv3w_naea/multiqc_data/mqc_fastqc_per_sequence_quality_scores_plot_1.txt' to '/Users/weisburd/project__rnaseq/rnaseq_methods/multiqc/index_data'
[2020-01-21 23:20:30,920] multiqc                                            [DEBUG  ]  Moving data file from '/var/folders/4k/jh2hjdp10jj7g6346ydf96v8k_60_2/T/tmpv3w_naea/multiqc_data/mqc_fastqc_sequence_counts_plot_1.txt' to '/Users/weisburd/project__rnaseq/rnaseq_methods/multiqc/index_data'
[2020-01-21 23:20:30,921] multiqc                                            [DEBUG  ]  Moving data file from '/var/folders/4k/jh2hjdp10jj7g6346ydf96v8k_60_2/T/tmpv3w_naea/multiqc_data/mqc_fastqc_per_sequence_gc_content_plot_Percentages.txt' to '/Users/weisburd/project__rnaseq/rnaseq_methods/multiqc/index_data'
[2020-01-21 23:20:30,921] multiqc                                            [DEBUG  ]  Moving data file from '/var/folders/4k/jh2hjdp10jj7g6346ydf96v8k_60_2/T/tmpv3w_naea/multiqc_data/mqc_fastqc_per_sequence_gc_content_plot_Counts.txt' to '/Users/weisburd/project__rnaseq/rnaseq_methods/multiqc/index_data'
[2020-01-21 23:20:30,921] multiqc                                            [DEBUG  ]  Moving data file from '/var/folders/4k/jh2hjdp10jj7g6346ydf96v8k_60_2/T/tmpv3w_naea/multiqc_data/mqc_fastqc_sequence_duplication_levels_plot_1.txt' to '/Users/weisburd/project__rnaseq/rnaseq_methods/multiqc/index_data'
[2020-01-21 23:20:30,922] multiqc                                            [DEBUG  ]  Moving data file from '/var/folders/4k/jh2hjdp10jj7g6346ydf96v8k_60_2/T/tmpv3w_naea/multiqc_data/mqc_star_gene_counts_Same_Stranded.txt' to '/Users/weisburd/project__rnaseq/rnaseq_methods/multiqc/index_data'
[2020-01-21 23:20:30,922] multiqc                                            [DEBUG  ]  Moving data file from '/var/folders/4k/jh2hjdp10jj7g6346ydf96v8k_60_2/T/tmpv3w_naea/multiqc_data/multiqc_star.txt' to '/Users/weisburd/project__rnaseq/rnaseq_methods/multiqc/index_data'
[2020-01-21 23:20:30,923] multiqc                                            [DEBUG  ]  Moving data file from '/var/folders/4k/jh2hjdp10jj7g6346ydf96v8k_60_2/T/tmpv3w_naea/multiqc_data/multiqc_general_stats.txt' to '/Users/weisburd/project__rnaseq/rnaseq_methods/multiqc/index_data'
[2020-01-21 23:20:30,923] multiqc                                            [DEBUG  ]  Moving data file from '/var/folders/4k/jh2hjdp10jj7g6346ydf96v8k_60_2/T/tmpv3w_naea/multiqc_data/mqc_star_gene_counts_Unstranded.txt' to '/Users/weisburd/project__rnaseq/rnaseq_methods/multiqc/index_data'
[2020-01-21 23:20:30,924] multiqc                                            [DEBUG  ]  Moving data file from '/var/folders/4k/jh2hjdp10jj7g6346ydf96v8k_60_2/T/tmpv3w_naea/multiqc_data/mqc_fastqc_overrepresented_sequencesi_plot_1.txt' to '/Users/weisburd/project__rnaseq/rnaseq_methods/multiqc/index_data'
[2020-01-21 23:20:30,924] multiqc                                            [DEBUG  ]  Moving data file from '/var/folders/4k/jh2hjdp10jj7g6346ydf96v8k_60_2/T/tmpv3w_naea/multiqc_data/multiqc_sources.txt' to '/Users/weisburd/project__rnaseq/rnaseq_methods/multiqc/index_data'
[2020-01-21 23:20:30,925] multiqc                                            [DEBUG  ]  Moving data file from '/var/folders/4k/jh2hjdp10jj7g6346ydf96v8k_60_2/T/tmpv3w_naea/multiqc_data/mqc_fastqc_per_base_n_content_plot_1.txt' to '/Users/weisburd/project__rnaseq/rnaseq_methods/multiqc/index_data'
[2020-01-21 23:20:30,925] multiqc                                            [DEBUG  ]  Moving data file from '/var/folders/4k/jh2hjdp10jj7g6346ydf96v8k_60_2/T/tmpv3w_naea/multiqc_data/mqc_fastqc_adapter_content_plot_1.txt' to '/Users/weisburd/project__rnaseq/rnaseq_methods/multiqc/index_data'
[2020-01-21 23:20:30,925] multiqc                                            [DEBUG  ]  Moving data file from '/var/folders/4k/jh2hjdp10jj7g6346ydf96v8k_60_2/T/tmpv3w_naea/multiqc_data/mqc_star_alignment_plot_1.txt' to '/Users/weisburd/project__rnaseq/rnaseq_methods/multiqc/index_data'
[2020-01-21 23:20:30,927] multiqc                                            [DEBUG  ]  Moving data file from '/var/folders/4k/jh2hjdp10jj7g6346ydf96v8k_60_2/T/tmpv3w_naea/multiqc_data/multiqc_data.json' to '/Users/weisburd/project__rnaseq/rnaseq_methods/multiqc/index_data'
[2020-01-21 23:20:31,384] multiqc                                            [INFO   ]  MultiQC complete
